<?xml version="1.0" ?>
<coverage version="7.8.2" timestamp="1749236118706" lines-valid="5364" lines-covered="4565" line-rate="0.851" branches-covered="0" branches-valid="0" branch-rate="0" complexity="0">
	<!-- Generated by coverage.py: https://coverage.readthedocs.io/en/7.8.2 -->
	<!-- Based on https://raw.githubusercontent.com/cobertura/web/master/htdocs/xml/coverage-04.dtd -->
	<sources>
		<source>/app/backend/api</source>
	</sources>
	<packages>
		<package name="." line-rate="1" branch-rate="0" complexity="0">
			<classes>
				<class name="__init__.py" filename="__init__.py" complexity="0" line-rate="1" branch-rate="0">
					<methods/>
					<lines>
						<line number="1" hits="1"/>
						<line number="2" hits="1"/>
						<line number="3" hits="1"/>
					</lines>
				</class>
			</classes>
		</package>
		<package name="api_gateway" line-rate="0.525" branch-rate="0" complexity="0">
			<classes>
				<class name="__init__.py" filename="api_gateway/__init__.py" complexity="0" line-rate="1" branch-rate="0">
					<methods/>
					<lines/>
				</class>
				<class name="main.py" filename="api_gateway/main.py" complexity="0" line-rate="0.525" branch-rate="0">
					<methods/>
					<lines>
						<line number="1" hits="1"/>
						<line number="3" hits="1"/>
						<line number="4" hits="1"/>
						<line number="5" hits="1"/>
						<line number="6" hits="1"/>
						<line number="8" hits="1"/>
						<line number="9" hits="1"/>
						<line number="13" hits="1"/>
						<line number="16" hits="1"/>
						<line number="19" hits="1"/>
						<line number="26" hits="1"/>
						<line number="35" hits="1"/>
						<line number="36" hits="1"/>
						<line number="39" hits="1"/>
						<line number="42" hits="1"/>
						<line number="54" hits="0"/>
						<line number="56" hits="0"/>
						<line number="58" hits="0"/>
						<line number="61" hits="0"/>
						<line number="64" hits="0"/>
						<line number="65" hits="0"/>
						<line number="66" hits="0"/>
						<line number="69" hits="0"/>
						<line number="70" hits="0"/>
						<line number="71" hits="0"/>
						<line number="72" hits="0"/>
						<line number="78" hits="1"/>
						<line number="93" hits="0"/>
						<line number="96" hits="0"/>
						<line number="99" hits="0"/>
						<line number="100" hits="0"/>
						<line number="103" hits="0"/>
						<line number="113" hits="0"/>
						<line number="120" hits="1"/>
						<line number="121" hits="1"/>
						<line number="128" hits="0"/>
						<line number="131" hits="1"/>
						<line number="132" hits="1"/>
						<line number="141" hits="0"/>
						<line number="145" hits="1"/>
					</lines>
				</class>
			</classes>
		</package>
		<package name="api_gateway.middleware" line-rate="0.7257" branch-rate="0" complexity="0">
			<classes>
				<class name="__init__.py" filename="api_gateway/middleware/__init__.py" complexity="0" line-rate="1" branch-rate="0">
					<methods/>
					<lines/>
				</class>
				<class name="auth_middleware.py" filename="api_gateway/middleware/auth_middleware.py" complexity="0" line-rate="0.6667" branch-rate="0">
					<methods/>
					<lines>
						<line number="1" hits="1"/>
						<line number="2" hits="1"/>
						<line number="4" hits="1"/>
						<line number="5" hits="1"/>
						<line number="6" hits="1"/>
						<line number="7" hits="1"/>
						<line number="10" hits="1"/>
						<line number="13" hits="1"/>
						<line number="16" hits="1"/>
						<line number="30" hits="1"/>
						<line number="31" hits="1"/>
						<line number="34" hits="1"/>
						<line number="37" hits="1"/>
						<line number="38" hits="1"/>
						<line number="44" hits="1"/>
						<line number="45" hits="1"/>
						<line number="48" hits="1"/>
						<line number="51" hits="1"/>
						<line number="52" hits="1"/>
						<line number="53" hits="0"/>
						<line number="54" hits="1"/>
						<line number="55" hits="1"/>
						<line number="61" hits="1"/>
						<line number="72" hits="1"/>
						<line number="82" hits="1"/>
						<line number="85" hits="1"/>
						<line number="96" hits="1"/>
						<line number="98" hits="1"/>
						<line number="99" hits="1"/>
						<line number="101" hits="1"/>
						<line number="104" hits="1"/>
						<line number="117" hits="0"/>
						<line number="119" hits="0"/>
						<line number="120" hits="0"/>
						<line number="126" hits="0"/>
						<line number="127" hits="0"/>
						<line number="132" hits="0"/>
						<line number="137" hits="0"/>
						<line number="139" hits="0"/>
						<line number="140" hits="0"/>
						<line number="145" hits="0"/>
						<line number="146" hits="0"/>
						<line number="147" hits="0"/>
						<line number="151" hits="0"/>
						<line number="154" hits="0"/>
					</lines>
				</class>
				<class name="circuit_breaker.py" filename="api_gateway/middleware/circuit_breaker.py" complexity="0" line-rate="0.7647" branch-rate="0">
					<methods/>
					<lines>
						<line number="1" hits="1"/>
						<line number="2" hits="1"/>
						<line number="3" hits="1"/>
						<line number="4" hits="1"/>
						<line number="6" hits="1"/>
						<line number="7" hits="1"/>
						<line number="8" hits="1"/>
						<line number="11" hits="1"/>
						<line number="14" hits="1"/>
						<line number="15" hits="1"/>
						<line number="16" hits="1"/>
						<line number="19" hits="1"/>
						<line number="22" hits="1"/>
						<line number="36" hits="1"/>
						<line number="37" hits="1"/>
						<line number="38" hits="1"/>
						<line number="39" hits="1"/>
						<line number="40" hits="1"/>
						<line number="41" hits="1"/>
						<line number="42" hits="1"/>
						<line number="44" hits="1"/>
						<line number="54" hits="1"/>
						<line number="55" hits="1"/>
						<line number="61" hits="1"/>
						<line number="63" hits="1"/>
						<line number="70" hits="1"/>
						<line number="73" hits="1"/>
						<line number="74" hits="0"/>
						<line number="75" hits="0"/>
						<line number="76" hits="0"/>
						<line number="78" hits="1"/>
						<line number="85" hits="1"/>
						<line number="88" hits="1"/>
						<line number="89" hits="1"/>
						<line number="92" hits="1"/>
						<line number="96" hits="0"/>
						<line number="98" hits="1"/>
						<line number="108" hits="1"/>
						<line number="111" hits="1"/>
						<line number="113" hits="1"/>
						<line number="117" hits="0"/>
						<line number="118" hits="0"/>
						<line number="120" hits="1"/>
						<line number="122" hits="1"/>
						<line number="124" hits="1"/>
						<line number="143" hits="0"/>
						<line number="144" hits="0"/>
						<line number="149" hits="0"/>
						<line number="151" hits="0"/>
						<line number="152" hits="0"/>
						<line number="155" hits="0"/>
						<line number="157" hits="0"/>
						<line number="158" hits="0"/>
						<line number="160" hits="0"/>
						<line number="162" hits="0"/>
						<line number="169" hits="1"/>
						<line number="172" hits="1"/>
						<line number="186" hits="1"/>
						<line number="187" hits="1"/>
						<line number="190" hits="1"/>
						<line number="191" hits="1"/>
						<line number="196" hits="1"/>
						<line number="198" hits="1"/>
						<line number="201" hits="1"/>
						<line number="203" hits="1"/>
						<line number="204" hits="1"/>
						<line number="206" hits="1"/>
						<line number="209" hits="1"/>
					</lines>
				</class>
			</classes>
		</package>
		<package name="api_gateway.routes" line-rate="1" branch-rate="0" complexity="0">
			<classes>
				<class name="__init__.py" filename="api_gateway/routes/__init__.py" complexity="0" line-rate="1" branch-rate="0">
					<methods/>
					<lines/>
				</class>
			</classes>
		</package>
		<package name="api_gateway.utils" line-rate="0.7843" branch-rate="0" complexity="0">
			<classes>
				<class name="__init__.py" filename="api_gateway/utils/__init__.py" complexity="0" line-rate="1" branch-rate="0">
					<methods/>
					<lines/>
				</class>
				<class name="service_registry.py" filename="api_gateway/utils/service_registry.py" complexity="0" line-rate="0.7843" branch-rate="0">
					<methods/>
					<lines>
						<line number="1" hits="1"/>
						<line number="2" hits="1"/>
						<line number="4" hits="1"/>
						<line number="5" hits="1"/>
						<line number="8" hits="1"/>
						<line number="11" hits="1"/>
						<line number="12" hits="1"/>
						<line number="13" hits="1"/>
						<line number="14" hits="1"/>
						<line number="17" hits="1"/>
						<line number="22" hits="1"/>
						<line number="25" hits="1"/>
						<line number="27" hits="1"/>
						<line number="158" hits="1"/>
						<line number="171" hits="1"/>
						<line number="173" hits="1"/>
						<line number="174" hits="1"/>
						<line number="176" hits="1"/>
						<line number="178" hits="1"/>
						<line number="193" hits="1"/>
						<line number="194" hits="1"/>
						<line number="197" hits="1"/>
						<line number="198" hits="1"/>
						<line number="201" hits="1"/>
						<line number="202" hits="1"/>
						<line number="203" hits="1"/>
						<line number="207" hits="0"/>
						<line number="209" hits="1"/>
						<line number="211" hits="1"/>
						<line number="223" hits="1"/>
						<line number="224" hits="1"/>
						<line number="227" hits="1"/>
						<line number="228" hits="1"/>
						<line number="231" hits="1"/>
						<line number="233" hits="1"/>
						<line number="234" hits="0"/>
						<line number="237" hits="1"/>
						<line number="238" hits="1"/>
						<line number="240" hits="0"/>
						<line number="242" hits="1"/>
						<line number="249" hits="1"/>
						<line number="254" hits="1"/>
						<line number="256" hits="0"/>
						<line number="257" hits="0"/>
						<line number="258" hits="0"/>
						<line number="259" hits="0"/>
						<line number="260" hits="0"/>
						<line number="261" hits="0"/>
						<line number="262" hits="0"/>
						<line number="263" hits="0"/>
						<line number="267" hits="1"/>
					</lines>
				</class>
			</classes>
		</package>
		<package name="auth_service" line-rate="1" branch-rate="0" complexity="0">
			<classes>
				<class name="__init__.py" filename="auth_service/__init__.py" complexity="0" line-rate="1" branch-rate="0">
					<methods/>
					<lines/>
				</class>
			</classes>
		</package>
		<package name="auth_service.app" line-rate="0.8485" branch-rate="0" complexity="0">
			<classes>
				<class name="__init__.py" filename="auth_service/app/__init__.py" complexity="0" line-rate="1" branch-rate="0">
					<methods/>
					<lines/>
				</class>
				<class name="main.py" filename="auth_service/app/main.py" complexity="0" line-rate="0.8485" branch-rate="0">
					<methods/>
					<lines>
						<line number="1" hits="1"/>
						<line number="3" hits="1"/>
						<line number="4" hits="1"/>
						<line number="5" hits="1"/>
						<line number="6" hits="1"/>
						<line number="8" hits="1"/>
						<line number="14" hits="1"/>
						<line number="17" hits="1"/>
						<line number="20" hits="1"/>
						<line number="27" hits="1"/>
						<line number="36" hits="1"/>
						<line number="39" hits="1"/>
						<line number="42" hits="1"/>
						<line number="43" hits="1"/>
						<line number="53" hits="1"/>
						<line number="56" hits="1"/>
						<line number="57" hits="1"/>
						<line number="67" hits="0"/>
						<line number="70" hits="1"/>
						<line number="73" hits="1"/>
						<line number="80" hits="0"/>
						<line number="83" hits="1"/>
						<line number="84" hits="1"/>
						<line number="94" hits="0"/>
						<line number="97" hits="1"/>
						<line number="98" hits="1"/>
						<line number="108" hits="0"/>
						<line number="111" hits="1"/>
						<line number="112" hits="1"/>
						<line number="122" hits="0"/>
						<line number="125" hits="1"/>
						<line number="126" hits="1"/>
						<line number="133" hits="1"/>
					</lines>
				</class>
			</classes>
		</package>
		<package name="auth_service.app.config" line-rate="1" branch-rate="0" complexity="0">
			<classes>
				<class name="__init__.py" filename="auth_service/app/config/__init__.py" complexity="0" line-rate="1" branch-rate="0">
					<methods/>
					<lines/>
				</class>
			</classes>
		</package>
		<package name="auth_service.app.models" line-rate="1" branch-rate="0" complexity="0">
			<classes>
				<class name="__init__.py" filename="auth_service/app/models/__init__.py" complexity="0" line-rate="1" branch-rate="0">
					<methods/>
					<lines/>
				</class>
			</classes>
		</package>
		<package name="auth_service.app.repository" line-rate="0" branch-rate="0" complexity="0">
			<classes>
				<class name="__init__.py" filename="auth_service/app/repository/__init__.py" complexity="0" line-rate="1" branch-rate="0">
					<methods/>
					<lines/>
				</class>
				<class name="supabase_client.py" filename="auth_service/app/repository/supabase_client.py" complexity="0" line-rate="0" branch-rate="0">
					<methods/>
					<lines>
						<line number="1" hits="0"/>
						<line number="2" hits="0"/>
						<line number="4" hits="0"/>
						<line number="7" hits="0"/>
						<line number="8" hits="0"/>
						<line number="10" hits="0"/>
						<line number="11" hits="0"/>
						<line number="12" hits="0"/>
						<line number="13" hits="0"/>
						<line number="14" hits="0"/>
						<line number="15" hits="0"/>
					</lines>
				</class>
			</classes>
		</package>
		<package name="auth_service.app.schemas" line-rate="1" branch-rate="0" complexity="0">
			<classes>
				<class name="__init__.py" filename="auth_service/app/schemas/__init__.py" complexity="0" line-rate="1" branch-rate="0">
					<methods/>
					<lines/>
				</class>
				<class name="user.py" filename="auth_service/app/schemas/user.py" complexity="0" line-rate="1" branch-rate="0">
					<methods/>
					<lines>
						<line number="1" hits="1"/>
						<line number="2" hits="1"/>
						<line number="4" hits="1"/>
						<line number="7" hits="1"/>
						<line number="10" hits="1"/>
						<line number="11" hits="1"/>
						<line number="12" hits="1"/>
						<line number="13" hits="1"/>
						<line number="16" hits="1"/>
						<line number="19" hits="1"/>
						<line number="20" hits="1"/>
						<line number="23" hits="1"/>
						<line number="26" hits="1"/>
						<line number="27" hits="1"/>
						<line number="28" hits="1"/>
						<line number="29" hits="1"/>
						<line number="32" hits="1"/>
						<line number="35" hits="1"/>
						<line number="38" hits="1"/>
						<line number="41" hits="1"/>
						<line number="42" hits="1"/>
						<line number="43" hits="1"/>
						<line number="44" hits="1"/>
						<line number="45" hits="1"/>
						<line number="46" hits="1"/>
						<line number="47" hits="1"/>
						<line number="50" hits="1"/>
						<line number="53" hits="1"/>
						<line number="54" hits="1"/>
					</lines>
				</class>
			</classes>
		</package>
		<package name="auth_service.app.services" line-rate="0.6849" branch-rate="0" complexity="0">
			<classes>
				<class name="__init__.py" filename="auth_service/app/services/__init__.py" complexity="0" line-rate="1" branch-rate="0">
					<methods/>
					<lines/>
				</class>
				<class name="auth_service.py" filename="auth_service/app/services/auth_service.py" complexity="0" line-rate="0.6849" branch-rate="0">
					<methods/>
					<lines>
						<line number="1" hits="1"/>
						<line number="2" hits="1"/>
						<line number="3" hits="1"/>
						<line number="5" hits="1"/>
						<line number="6" hits="1"/>
						<line number="12" hits="1"/>
						<line number="18" hits="1"/>
						<line number="21" hits="1"/>
						<line number="24" hits="1"/>
						<line number="26" hits="1"/>
						<line number="27" hits="1"/>
						<line number="29" hits="1"/>
						<line number="42" hits="1"/>
						<line number="44" hits="1"/>
						<line number="50" hits="1"/>
						<line number="55" hits="1"/>
						<line number="58" hits="1"/>
						<line number="59" hits="1"/>
						<line number="62" hits="1"/>
						<line number="67" hits="1"/>
						<line number="72" hits="0"/>
						<line number="74" hits="0"/>
						<line number="75" hits="0"/>
						<line number="76" hits="0"/>
						<line number="78" hits="1"/>
						<line number="92" hits="1"/>
						<line number="94" hits="1"/>
						<line number="97" hits="1"/>
						<line number="100" hits="1"/>
						<line number="101" hits="1"/>
						<line number="104" hits="1"/>
						<line number="109" hits="1"/>
						<line number="114" hits="1"/>
						<line number="116" hits="1"/>
						<line number="118" hits="1"/>
						<line number="133" hits="1"/>
						<line number="135" hits="1"/>
						<line number="136" hits="1"/>
						<line number="137" hits="1"/>
						<line number="140" hits="1"/>
						<line number="141" hits="1"/>
						<line number="144" hits="1"/>
						<line number="149" hits="1"/>
						<line number="157" hits="1"/>
						<line number="171" hits="0"/>
						<line number="173" hits="0"/>
						<line number="176" hits="0"/>
						<line number="177" hits="0"/>
						<line number="180" hits="0"/>
						<line number="183" hits="0"/>
						<line number="184" hits="0"/>
						<line number="187" hits="0"/>
						<line number="192" hits="0"/>
						<line number="197" hits="0"/>
						<line number="199" hits="0"/>
						<line number="200" hits="0"/>
						<line number="203" hits="0"/>
						<line number="205" hits="1"/>
						<line number="218" hits="0"/>
						<line number="220" hits="0"/>
						<line number="223" hits="0"/>
						<line number="224" hits="0"/>
						<line number="226" hits="0"/>
						<line number="228" hits="1"/>
						<line number="241" hits="1"/>
						<line number="243" hits="1"/>
						<line number="246" hits="1"/>
						<line number="249" hits="1"/>
						<line number="250" hits="1"/>
						<line number="251" hits="0"/>
						<line number="254" hits="1"/>
						<line number="265" hits="1"/>
						<line number="267" hits="1"/>
					</lines>
				</class>
			</classes>
		</package>
		<package name="document_service" line-rate="1" branch-rate="0" complexity="0">
			<classes>
				<class name="__init__.py" filename="document_service/__init__.py" complexity="0" line-rate="1" branch-rate="0">
					<methods/>
					<lines/>
				</class>
			</classes>
		</package>
		<package name="document_service.app" line-rate="0.5895" branch-rate="0" complexity="0">
			<classes>
				<class name="__init__.py" filename="document_service/app/__init__.py" complexity="0" line-rate="1" branch-rate="0">
					<methods/>
					<lines/>
				</class>
				<class name="main.py" filename="document_service/app/main.py" complexity="0" line-rate="0.5895" branch-rate="0">
					<methods/>
					<lines>
						<line number="1" hits="1"/>
						<line number="3" hits="1"/>
						<line number="4" hits="1"/>
						<line number="14" hits="1"/>
						<line number="15" hits="1"/>
						<line number="16" hits="1"/>
						<line number="18" hits="1"/>
						<line number="28" hits="1"/>
						<line number="29" hits="1"/>
						<line number="32" hits="1"/>
						<line number="33" hits="1"/>
						<line number="34" hits="1"/>
						<line number="35" hits="1"/>
						<line number="38" hits="1"/>
						<line number="41" hits="1"/>
						<line number="48" hits="1"/>
						<line number="57" hits="1"/>
						<line number="60" hits="1"/>
						<line number="73" hits="1"/>
						<line number="74" hits="1"/>
						<line number="75" hits="0"/>
						<line number="77" hits="0"/>
						<line number="78" hits="0"/>
						<line number="80" hits="0"/>
						<line number="81" hits="1"/>
						<line number="82" hits="1"/>
						<line number="86" hits="1"/>
						<line number="87" hits="1"/>
						<line number="103" hits="0"/>
						<line number="104" hits="0"/>
						<line number="107" hits="1"/>
						<line number="110" hits="1"/>
						<line number="126" hits="0"/>
						<line number="127" hits="0"/>
						<line number="130" hits="1"/>
						<line number="133" hits="1"/>
						<line number="151" hits="0"/>
						<line number="152" hits="0"/>
						<line number="155" hits="1"/>
						<line number="156" hits="1"/>
						<line number="172" hits="0"/>
						<line number="173" hits="0"/>
						<line number="176" hits="1"/>
						<line number="181" hits="1"/>
						<line number="199" hits="0"/>
						<line number="200" hits="0"/>
						<line number="203" hits="1"/>
						<line number="206" hits="1"/>
						<line number="222" hits="0"/>
						<line number="223" hits="0"/>
						<line number="227" hits="1"/>
						<line number="232" hits="1"/>
						<line number="252" hits="0"/>
						<line number="253" hits="0"/>
						<line number="258" hits="1"/>
						<line number="263" hits="1"/>
						<line number="279" hits="0"/>
						<line number="280" hits="0"/>
						<line number="283" hits="1"/>
						<line number="288" hits="1"/>
						<line number="306" hits="0"/>
						<line number="307" hits="0"/>
						<line number="311" hits="1"/>
						<line number="316" hits="1"/>
						<line number="334" hits="0"/>
						<line number="335" hits="0"/>
						<line number="340" hits="1"/>
						<line number="345" hits="1"/>
						<line number="365" hits="0"/>
						<line number="366" hits="0"/>
						<line number="371" hits="1"/>
						<line number="375" hits="1"/>
						<line number="393" hits="0"/>
						<line number="394" hits="0"/>
						<line number="399" hits="1"/>
						<line number="404" hits="1"/>
						<line number="420" hits="0"/>
						<line number="421" hits="0"/>
						<line number="424" hits="1"/>
						<line number="425" hits="1"/>
						<line number="435" hits="0"/>
						<line number="436" hits="0"/>
						<line number="437" hits="0"/>
						<line number="438" hits="0"/>
						<line number="439" hits="0"/>
						<line number="440" hits="0"/>
						<line number="441" hits="0"/>
						<line number="442" hits="0"/>
						<line number="443" hits="0"/>
						<line number="446" hits="1"/>
						<line number="447" hits="1"/>
						<line number="454" hits="1"/>
						<line number="457" hits="1"/>
						<line number="458" hits="1"/>
						<line number="459" hits="1"/>
					</lines>
				</class>
			</classes>
		</package>
		<package name="document_service.app.decorators" line-rate="1" branch-rate="0" complexity="0">
			<classes>
				<class name="__init__.py" filename="document_service/app/decorators/__init__.py" complexity="0" line-rate="1" branch-rate="0">
					<methods/>
					<lines/>
				</class>
				<class name="document_decorators.py" filename="document_service/app/decorators/document_decorators.py" complexity="0" line-rate="1" branch-rate="0">
					<methods/>
					<lines>
						<line number="1" hits="1"/>
						<line number="2" hits="1"/>
						<line number="4" hits="1"/>
						<line number="8" hits="1"/>
						<line number="13" hits="1"/>
						<line number="24" hits="1"/>
						<line number="25" hits="1"/>
						<line number="27" hits="1"/>
						<line number="30" hits="1"/>
						<line number="31" hits="1"/>
						<line number="34" hits="1"/>
						<line number="36" hits="1"/>
						<line number="39" hits="1"/>
						<line number="50" hits="1"/>
						<line number="51" hits="1"/>
						<line number="52" hits="1"/>
						<line number="56" hits="1"/>
						<line number="57" hits="1"/>
						<line number="62" hits="1"/>
						<line number="64" hits="1"/>
						<line number="66" hits="1"/>
						<line number="69" hits="1"/>
						<line number="80" hits="1"/>
						<line number="81" hits="1"/>
						<line number="82" hits="1"/>
						<line number="86" hits="1"/>
						<line number="91" hits="1"/>
						<line number="94" hits="1"/>
						<line number="95" hits="1"/>
						<line number="99" hits="1"/>
						<line number="100" hits="1"/>
						<line number="110" hits="1"/>
						<line number="112" hits="1"/>
						<line number="114" hits="1"/>
						<line number="117" hits="1"/>
						<line number="129" hits="1"/>
						<line number="131" hits="1"/>
						<line number="132" hits="1"/>
						<line number="134" hits="1"/>
						<line number="135" hits="1"/>
						<line number="136" hits="1"/>
						<line number="139" hits="1"/>
						<line number="142" hits="1"/>
						<line number="145" hits="1"/>
						<line number="147" hits="1"/>
					</lines>
				</class>
			</classes>
		</package>
		<package name="document_service.app.factories" line-rate="1" branch-rate="0" complexity="0">
			<classes>
				<class name="__init__.py" filename="document_service/app/factories/__init__.py" complexity="0" line-rate="1" branch-rate="0">
					<methods/>
					<lines/>
				</class>
				<class name="document_factory.py" filename="document_service/app/factories/document_factory.py" complexity="0" line-rate="1" branch-rate="0">
					<methods/>
					<lines>
						<line number="1" hits="1"/>
						<line number="3" hits="1"/>
						<line number="4" hits="1"/>
						<line number="5" hits="1"/>
						<line number="8" hits="1"/>
						<line number="11" hits="1"/>
						<line number="45" hits="1"/>
						<line number="46" hits="1"/>
						<line number="57" hits="1"/>
						<line number="58" hits="1"/>
						<line number="67" hits="1"/>
						<line number="68" hits="1"/>
						<line number="69" hits="1"/>
						<line number="72" hits="1"/>
						<line number="83" hits="1"/>
						<line number="87" hits="1"/>
						<line number="116" hits="1"/>
						<line number="130" hits="1"/>
						<line number="155" hits="1"/>
						<line number="167" hits="1"/>
						<line number="194" hits="1"/>
					</lines>
				</class>
			</classes>
		</package>
		<package name="document_service.app.middleware" line-rate="1" branch-rate="0" complexity="0">
			<classes>
				<class name="__init__.py" filename="document_service/app/middleware/__init__.py" complexity="0" line-rate="1" branch-rate="0">
					<methods/>
					<lines/>
				</class>
			</classes>
		</package>
		<package name="document_service.app.schemas" line-rate="1" branch-rate="0" complexity="0">
			<classes>
				<class name="__init__.py" filename="document_service/app/schemas/__init__.py" complexity="0" line-rate="1" branch-rate="0">
					<methods/>
					<lines/>
				</class>
				<class name="document.py" filename="document_service/app/schemas/document.py" complexity="0" line-rate="1" branch-rate="0">
					<methods/>
					<lines>
						<line number="1" hits="1"/>
						<line number="2" hits="1"/>
						<line number="3" hits="1"/>
						<line number="5" hits="1"/>
						<line number="8" hits="1"/>
						<line number="11" hits="1"/>
						<line number="12" hits="1"/>
						<line number="13" hits="1"/>
						<line number="16" hits="1"/>
						<line number="19" hits="1"/>
						<line number="20" hits="1"/>
						<line number="21" hits="1"/>
						<line number="22" hits="1"/>
						<line number="23" hits="1"/>
						<line number="24" hits="1"/>
						<line number="25" hits="1"/>
						<line number="26" hits="1"/>
						<line number="27" hits="1"/>
						<line number="30" hits="1"/>
						<line number="33" hits="1"/>
						<line number="34" hits="1"/>
						<line number="35" hits="1"/>
						<line number="36" hits="1"/>
						<line number="37" hits="1"/>
						<line number="40" hits="1"/>
						<line number="43" hits="1"/>
						<line number="44" hits="1"/>
						<line number="45" hits="1"/>
						<line number="46" hits="1"/>
						<line number="47" hits="1"/>
						<line number="48" hits="1"/>
						<line number="49" hits="1"/>
						<line number="50" hits="1"/>
						<line number="51" hits="1"/>
						<line number="52" hits="1"/>
						<line number="53" hits="1"/>
						<line number="54" hits="1"/>
						<line number="55" hits="1"/>
						<line number="56" hits="1"/>
						<line number="57" hits="1"/>
						<line number="60" hits="1"/>
						<line number="63" hits="1"/>
						<line number="64" hits="1"/>
						<line number="65" hits="1"/>
						<line number="66" hits="1"/>
						<line number="67" hits="1"/>
						<line number="68" hits="1"/>
						<line number="69" hits="1"/>
						<line number="70" hits="1"/>
						<line number="71" hits="1"/>
						<line number="74" hits="1"/>
						<line number="77" hits="1"/>
						<line number="78" hits="1"/>
						<line number="79" hits="1"/>
						<line number="80" hits="1"/>
						<line number="81" hits="1"/>
						<line number="82" hits="1"/>
						<line number="83" hits="1"/>
						<line number="84" hits="1"/>
						<line number="85" hits="1"/>
						<line number="86" hits="1"/>
						<line number="89" hits="1"/>
						<line number="92" hits="1"/>
						<line number="93" hits="1"/>
						<line number="94" hits="1"/>
						<line number="95" hits="1"/>
						<line number="96" hits="1"/>
						<line number="97" hits="1"/>
						<line number="100" hits="1"/>
						<line number="103" hits="1"/>
						<line number="104" hits="1"/>
						<line number="105" hits="1"/>
						<line number="106" hits="1"/>
						<line number="109" hits="1"/>
						<line number="112" hits="1"/>
						<line number="113" hits="1"/>
					</lines>
				</class>
			</classes>
		</package>
		<package name="document_service.app.services" line-rate="0.6692" branch-rate="0" complexity="0">
			<classes>
				<class name="__init__.py" filename="document_service/app/services/__init__.py" complexity="0" line-rate="1" branch-rate="0">
					<methods/>
					<lines/>
				</class>
				<class name="document_service.py" filename="document_service/app/services/document_service.py" complexity="0" line-rate="0.6692" branch-rate="0">
					<methods/>
					<lines>
						<line number="1" hits="1"/>
						<line number="2" hits="1"/>
						<line number="4" hits="1"/>
						<line number="6" hits="1"/>
						<line number="7" hits="1"/>
						<line number="18" hits="1"/>
						<line number="26" hits="1"/>
						<line number="30" hits="1"/>
						<line number="31" hits="1"/>
						<line number="32" hits="1"/>
						<line number="35" hits="1"/>
						<line number="38" hits="1"/>
						<line number="45" hits="1"/>
						<line number="46" hits="1"/>
						<line number="47" hits="1"/>
						<line number="49" hits="1"/>
						<line number="68" hits="1"/>
						<line number="75" hits="1"/>
						<line number="76" hits="0"/>
						<line number="79" hits="1"/>
						<line number="88" hits="1"/>
						<line number="89" hits="0"/>
						<line number="92" hits="1"/>
						<line number="93" hits="0"/>
						<line number="102" hits="0"/>
						<line number="103" hits="0"/>
						<line number="106" hits="0"/>
						<line number="107" hits="0"/>
						<line number="110" hits="1"/>
						<line number="126" hits="1"/>
						<line number="127" hits="1"/>
						<line number="128" hits="1"/>
						<line number="131" hits="1"/>
						<line number="132" hits="1"/>
						<line number="142" hits="1"/>
						<line number="143" hits="1"/>
						<line number="146" hits="1"/>
						<line number="156" hits="1"/>
						<line number="157" hits="1"/>
						<line number="160" hits="1"/>
						<line number="162" hits="1"/>
						<line number="178" hits="1"/>
						<line number="181" hits="1"/>
						<line number="182" hits="1"/>
						<line number="185" hits="0"/>
						<line number="186" hits="0"/>
						<line number="191" hits="0"/>
						<line number="193" hits="1"/>
						<line number="212" hits="1"/>
						<line number="215" hits="1"/>
						<line number="216" hits="1"/>
						<line number="219" hits="1"/>
						<line number="220" hits="1"/>
						<line number="225" hits="0"/>
						<line number="226" hits="0"/>
						<line number="235" hits="0"/>
						<line number="236" hits="0"/>
						<line number="239" hits="0"/>
						<line number="240" hits="0"/>
						<line number="243" hits="0"/>
						<line number="244" hits="0"/>
						<line number="246" hits="0"/>
						<line number="247" hits="0"/>
						<line number="249" hits="0"/>
						<line number="250" hits="0"/>
						<line number="252" hits="0"/>
						<line number="253" hits="0"/>
						<line number="255" hits="0"/>
						<line number="256" hits="0"/>
						<line number="259" hits="0"/>
						<line number="260" hits="0"/>
						<line number="261" hits="0"/>
						<line number="264" hits="0"/>
						<line number="266" hits="1"/>
						<line number="282" hits="1"/>
						<line number="285" hits="1"/>
						<line number="286" hits="0"/>
						<line number="289" hits="1"/>
						<line number="290" hits="1"/>
						<line number="295" hits="1"/>
						<line number="296" hits="0"/>
						<line number="299" hits="0"/>
						<line number="300" hits="0"/>
						<line number="301" hits="0"/>
						<line number="304" hits="0"/>
						<line number="305" hits="0"/>
						<line number="307" hits="0"/>
						<line number="310" hits="1"/>
						<line number="311" hits="1"/>
						<line number="314" hits="1"/>
						<line number="316" hits="1"/>
						<line number="335" hits="1"/>
						<line number="338" hits="1"/>
						<line number="339" hits="0"/>
						<line number="342" hits="1"/>
						<line number="350" hits="1"/>
						<line number="351" hits="0"/>
						<line number="354" hits="1"/>
						<line number="356" hits="1"/>
						<line number="357" hits="0"/>
						<line number="359" hits="1"/>
						<line number="361" hits="1"/>
						<line number="364" hits="1"/>
						<line number="365" hits="1"/>
						<line number="366" hits="1"/>
						<line number="367" hits="1"/>
						<line number="370" hits="1"/>
						<line number="372" hits="1"/>
						<line number="391" hits="1"/>
						<line number="392" hits="1"/>
						<line number="395" hits="1"/>
						<line number="398" hits="1"/>
						<line number="399" hits="1"/>
						<line number="401" hits="1"/>
						<line number="403" hits="1"/>
						<line number="404" hits="1"/>
						<line number="405" hits="0"/>
						<line number="407" hits="0"/>
						<line number="410" hits="1"/>
						<line number="413" hits="1"/>
						<line number="414" hits="1"/>
						<line number="416" hits="1"/>
						<line number="419" hits="1"/>
						<line number="421" hits="1"/>
						<line number="423" hits="1"/>
						<line number="444" hits="1"/>
						<line number="447" hits="1"/>
						<line number="448" hits="0"/>
						<line number="451" hits="1"/>
						<line number="452" hits="0"/>
						<line number="457" hits="1"/>
						<line number="458" hits="0"/>
						<line number="463" hits="1"/>
						<line number="471" hits="1"/>
						<line number="474" hits="1"/>
						<line number="475" hits="1"/>
						<line number="476" hits="1"/>
						<line number="479" hits="1"/>
						<line number="489" hits="1"/>
						<line number="492" hits="1"/>
						<line number="493" hits="1"/>
						<line number="494" hits="1"/>
						<line number="495" hits="1"/>
						<line number="497" hits="1"/>
						<line number="498" hits="1"/>
						<line number="501" hits="1"/>
						<line number="503" hits="1"/>
						<line number="522" hits="1"/>
						<line number="525" hits="1"/>
						<line number="526" hits="0"/>
						<line number="529" hits="1"/>
						<line number="530" hits="0"/>
						<line number="535" hits="1"/>
						<line number="536" hits="0"/>
						<line number="541" hits="1"/>
						<line number="549" hits="1"/>
						<line number="551" hits="1"/>
						<line number="571" hits="1"/>
						<line number="574" hits="1"/>
						<line number="575" hits="0"/>
						<line number="578" hits="1"/>
						<line number="579" hits="0"/>
						<line number="584" hits="1"/>
						<line number="594" hits="1"/>
						<line number="595" hits="0"/>
						<line number="598" hits="1"/>
						<line number="600" hits="1"/>
						<line number="622" hits="1"/>
						<line number="625" hits="1"/>
						<line number="626" hits="0"/>
						<line number="629" hits="1"/>
						<line number="630" hits="0"/>
						<line number="635" hits="1"/>
						<line number="636" hits="1"/>
						<line number="637" hits="1"/>
						<line number="645" hits="0"/>
						<line number="646" hits="0"/>
						<line number="655" hits="1"/>
						<line number="657" hits="1"/>
						<line number="658" hits="1"/>
						<line number="659" hits="1"/>
						<line number="660" hits="1"/>
						<line number="661" hits="1"/>
						<line number="663" hits="1"/>
						<line number="664" hits="1"/>
						<line number="666" hits="1"/>
						<line number="669" hits="0"/>
						<line number="680" hits="0"/>
						<line number="681" hits="0"/>
						<line number="682" hits="0"/>
						<line number="685" hits="0"/>
						<line number="687" hits="1"/>
						<line number="712" hits="1"/>
						<line number="715" hits="1"/>
						<line number="716" hits="0"/>
						<line number="719" hits="1"/>
						<line number="720" hits="0"/>
						<line number="725" hits="1"/>
						<line number="735" hits="1"/>
						<line number="736" hits="0"/>
						<line number="739" hits="1"/>
						<line number="740" hits="0"/>
						<line number="742" hits="1"/>
						<line number="743" hits="1"/>
						<line number="745" hits="1"/>
						<line number="746" hits="0"/>
						<line number="748" hits="1"/>
						<line number="749" hits="0"/>
						<line number="752" hits="1"/>
						<line number="753" hits="1"/>
						<line number="754" hits="1"/>
						<line number="757" hits="1"/>
						<line number="759" hits="1"/>
						<line number="779" hits="1"/>
						<line number="782" hits="1"/>
						<line number="783" hits="0"/>
						<line number="786" hits="1"/>
						<line number="787" hits="0"/>
						<line number="792" hits="1"/>
						<line number="802" hits="1"/>
						<line number="803" hits="0"/>
						<line number="806" hits="1"/>
						<line number="807" hits="0"/>
						<line number="812" hits="1"/>
						<line number="813" hits="1"/>
						<line number="816" hits="1"/>
						<line number="818" hits="1"/>
						<line number="836" hits="1"/>
						<line number="839" hits="1"/>
						<line number="840" hits="0"/>
						<line number="843" hits="1"/>
						<line number="844" hits="0"/>
						<line number="849" hits="1"/>
						<line number="856" hits="1"/>
						<line number="861" hits="1"/>
						<line number="876" hits="1"/>
						<line number="879" hits="1"/>
						<line number="880" hits="0"/>
						<line number="883" hits="1"/>
						<line number="884" hits="0"/>
						<line number="887" hits="1"/>
						<line number="896" hits="1"/>
						<line number="897" hits="1"/>
						<line number="898" hits="1"/>
						<line number="899" hits="1"/>
						<line number="900" hits="1"/>
						<line number="901" hits="0"/>
						<line number="902" hits="0"/>
						<line number="903" hits="0"/>
						<line number="904" hits="0"/>
						<line number="907" hits="0"/>
						<line number="917" hits="0"/>
						<line number="918" hits="0"/>
						<line number="948" hits="0"/>
						<line number="950" hits="1"/>
						<line number="960" hits="0"/>
						<line number="978" hits="1"/>
						<line number="990" hits="0"/>
						<line number="1002" hits="1"/>
						<line number="1014" hits="0"/>
					</lines>
				</class>
			</classes>
		</package>
		<package name="external_tools_service" line-rate="1" branch-rate="0" complexity="0">
			<classes>
				<class name="__init__.py" filename="external_tools_service/__init__.py" complexity="0" line-rate="1" branch-rate="0">
					<methods/>
					<lines/>
				</class>
			</classes>
		</package>
		<package name="external_tools_service.app" line-rate="0.6517" branch-rate="0" complexity="0">
			<classes>
				<class name="__init__.py" filename="external_tools_service/app/__init__.py" complexity="0" line-rate="1" branch-rate="0">
					<methods/>
					<lines/>
				</class>
				<class name="main.py" filename="external_tools_service/app/main.py" complexity="0" line-rate="0.6517" branch-rate="0">
					<methods/>
					<lines>
						<line number="1" hits="1"/>
						<line number="3" hits="1"/>
						<line number="4" hits="1"/>
						<line number="5" hits="1"/>
						<line number="6" hits="1"/>
						<line number="7" hits="1"/>
						<line number="9" hits="1"/>
						<line number="16" hits="1"/>
						<line number="17" hits="1"/>
						<line number="20" hits="1"/>
						<line number="24" hits="1"/>
						<line number="27" hits="1"/>
						<line number="28" hits="1"/>
						<line number="29" hits="1"/>
						<line number="30" hits="1"/>
						<line number="33" hits="1"/>
						<line number="36" hits="1"/>
						<line number="43" hits="1"/>
						<line number="52" hits="1"/>
						<line number="55" hits="1"/>
						<line number="68" hits="1"/>
						<line number="69" hits="1"/>
						<line number="70" hits="0"/>
						<line number="72" hits="0"/>
						<line number="73" hits="0"/>
						<line number="75" hits="0"/>
						<line number="76" hits="1"/>
						<line number="77" hits="1"/>
						<line number="81" hits="1"/>
						<line number="84" hits="1"/>
						<line number="97" hits="0"/>
						<line number="98" hits="0"/>
						<line number="101" hits="1"/>
						<line number="106" hits="1"/>
						<line number="122" hits="0"/>
						<line number="123" hits="0"/>
						<line number="126" hits="1"/>
						<line number="127" hits="1"/>
						<line number="143" hits="0"/>
						<line number="144" hits="0"/>
						<line number="147" hits="1"/>
						<line number="148" hits="1"/>
						<line number="164" hits="0"/>
						<line number="165" hits="0"/>
						<line number="169" hits="1"/>
						<line number="172" hits="1"/>
						<line number="188" hits="0"/>
						<line number="189" hits="0"/>
						<line number="192" hits="1"/>
						<line number="195" hits="1"/>
						<line number="208" hits="0"/>
						<line number="209" hits="0"/>
						<line number="212" hits="1"/>
						<line number="217" hits="1"/>
						<line number="233" hits="0"/>
						<line number="234" hits="0"/>
						<line number="237" hits="1"/>
						<line number="242" hits="1"/>
						<line number="258" hits="0"/>
						<line number="259" hits="0"/>
						<line number="262" hits="1"/>
						<line number="263" hits="1"/>
						<line number="279" hits="0"/>
						<line number="280" hits="0"/>
						<line number="283" hits="1"/>
						<line number="284" hits="1"/>
						<line number="300" hits="0"/>
						<line number="301" hits="0"/>
						<line number="304" hits="1"/>
						<line number="305" hits="1"/>
						<line number="312" hits="1"/>
						<line number="315" hits="1"/>
						<line number="316" hits="1"/>
						<line number="320" hits="0"/>
						<line number="321" hits="0"/>
						<line number="324" hits="1"/>
						<line number="325" hits="1"/>
						<line number="329" hits="0"/>
						<line number="330" hits="0"/>
						<line number="333" hits="1"/>
						<line number="334" hits="1"/>
						<line number="336" hits="0"/>
						<line number="339" hits="1"/>
						<line number="340" hits="1"/>
						<line number="342" hits="0"/>
						<line number="343" hits="0"/>
						<line number="347" hits="1"/>
						<line number="348" hits="1"/>
						<line number="349" hits="1"/>
					</lines>
				</class>
			</classes>
		</package>
		<package name="external_tools_service.app.adapters" line-rate="0.6822" branch-rate="0" complexity="0">
			<classes>
				<class name="__init__.py" filename="external_tools_service/app/adapters/__init__.py" complexity="0" line-rate="1" branch-rate="0">
					<methods/>
					<lines/>
				</class>
				<class name="oauth_adapter.py" filename="external_tools_service/app/adapters/oauth_adapter.py" complexity="0" line-rate="0.6822" branch-rate="0">
					<methods/>
					<lines>
						<line number="1" hits="1"/>
						<line number="2" hits="1"/>
						<line number="3" hits="1"/>
						<line number="5" hits="1"/>
						<line number="7" hits="1"/>
						<line number="8" hits="1"/>
						<line number="11" hits="1"/>
						<line number="14" hits="1"/>
						<line number="15" hits="1"/>
						<line number="33" hits="1"/>
						<line number="34" hits="1"/>
						<line number="49" hits="1"/>
						<line number="50" hits="1"/>
						<line number="64" hits="1"/>
						<line number="65" hits="1"/>
						<line number="79" hits="1"/>
						<line number="80" hits="1"/>
						<line number="93" hits="1"/>
						<line number="96" hits="1"/>
						<line number="114" hits="1"/>
						<line number="115" hits="1"/>
						<line number="118" hits="1"/>
						<line number="121" hits="1"/>
						<line number="122" hits="1"/>
						<line number="125" hits="1"/>
						<line number="126" hits="0"/>
						<line number="127" hits="0"/>
						<line number="129" hits="1"/>
						<line number="131" hits="1"/>
						<line number="146" hits="1"/>
						<line number="147" hits="1"/>
						<line number="150" hits="1"/>
						<line number="158" hits="1"/>
						<line number="159" hits="0"/>
						<line number="162" hits="1"/>
						<line number="163" hits="1"/>
						<line number="166" hits="1"/>
						<line number="167" hits="1"/>
						<line number="170" hits="0"/>
						<line number="173" hits="0"/>
						<line number="174" hits="0"/>
						<line number="175" hits="0"/>
						<line number="179" hits="0"/>
						<line number="181" hits="1"/>
						<line number="196" hits="1"/>
						<line number="198" hits="1"/>
						<line number="212" hits="1"/>
						<line number="216" hits="1"/>
						<line number="219" hits="1"/>
						<line number="220" hits="1"/>
						<line number="223" hits="0"/>
						<line number="225" hits="0"/>
						<line number="233" hits="1"/>
						<line number="245" hits="0"/>
						<line number="249" hits="0"/>
						<line number="257" hits="0"/>
						<line number="260" hits="1"/>
						<line number="263" hits="1"/>
						<line number="281" hits="1"/>
						<line number="282" hits="1"/>
						<line number="285" hits="1"/>
						<line number="288" hits="1"/>
						<line number="289" hits="1"/>
						<line number="292" hits="1"/>
						<line number="293" hits="0"/>
						<line number="294" hits="0"/>
						<line number="296" hits="1"/>
						<line number="298" hits="1"/>
						<line number="313" hits="1"/>
						<line number="314" hits="1"/>
						<line number="317" hits="1"/>
						<line number="326" hits="1"/>
						<line number="329" hits="1"/>
						<line number="330" hits="1"/>
						<line number="333" hits="0"/>
						<line number="336" hits="0"/>
						<line number="337" hits="0"/>
						<line number="338" hits="0"/>
						<line number="342" hits="0"/>
						<line number="344" hits="1"/>
						<line number="358" hits="0"/>
						<line number="366" hits="0"/>
						<line number="369" hits="0"/>
						<line number="370" hits="0"/>
						<line number="373" hits="0"/>
						<line number="376" hits="0"/>
						<line number="377" hits="0"/>
						<line number="378" hits="0"/>
						<line number="383" hits="0"/>
						<line number="385" hits="0"/>
						<line number="387" hits="1"/>
						<line number="401" hits="1"/>
						<line number="402" hits="1"/>
						<line number="407" hits="1"/>
						<line number="408" hits="1"/>
						<line number="411" hits="0"/>
						<line number="413" hits="0"/>
						<line number="420" hits="1"/>
						<line number="432" hits="0"/>
						<line number="439" hits="0"/>
						<line number="442" hits="1"/>
						<line number="445" hits="1"/>
						<line number="458" hits="1"/>
						<line number="459" hits="1"/>
						<line number="460" hits="1"/>
						<line number="461" hits="1"/>
						<line number="463" hits="1"/>
					</lines>
				</class>
			</classes>
		</package>
		<package name="external_tools_service.app.middleware" line-rate="1" branch-rate="0" complexity="0">
			<classes>
				<class name="__init__.py" filename="external_tools_service/app/middleware/__init__.py" complexity="0" line-rate="1" branch-rate="0">
					<methods/>
					<lines/>
				</class>
			</classes>
		</package>
		<package name="external_tools_service.app.schemas" line-rate="1" branch-rate="0" complexity="0">
			<classes>
				<class name="__init__.py" filename="external_tools_service/app/schemas/__init__.py" complexity="0" line-rate="1" branch-rate="0">
					<methods/>
					<lines/>
				</class>
				<class name="external_tools.py" filename="external_tools_service/app/schemas/external_tools.py" complexity="0" line-rate="1" branch-rate="0">
					<methods/>
					<lines>
						<line number="1" hits="1"/>
						<line number="2" hits="1"/>
						<line number="3" hits="1"/>
						<line number="5" hits="1"/>
						<line number="8" hits="1"/>
						<line number="11" hits="1"/>
						<line number="12" hits="1"/>
						<line number="13" hits="1"/>
						<line number="14" hits="1"/>
						<line number="15" hits="1"/>
						<line number="16" hits="1"/>
						<line number="17" hits="1"/>
						<line number="18" hits="1"/>
						<line number="21" hits="1"/>
						<line number="24" hits="1"/>
						<line number="25" hits="1"/>
						<line number="26" hits="1"/>
						<line number="27" hits="1"/>
						<line number="28" hits="1"/>
						<line number="29" hits="1"/>
						<line number="30" hits="1"/>
						<line number="31" hits="1"/>
						<line number="32" hits="1"/>
						<line number="35" hits="1"/>
						<line number="38" hits="1"/>
						<line number="39" hits="1"/>
						<line number="40" hits="1"/>
						<line number="41" hits="1"/>
						<line number="44" hits="1"/>
						<line number="47" hits="1"/>
						<line number="48" hits="1"/>
						<line number="49" hits="1"/>
						<line number="50" hits="1"/>
						<line number="53" hits="1"/>
						<line number="56" hits="1"/>
						<line number="57" hits="1"/>
						<line number="58" hits="1"/>
						<line number="59" hits="1"/>
						<line number="60" hits="1"/>
						<line number="61" hits="1"/>
						<line number="62" hits="1"/>
						<line number="63" hits="1"/>
						<line number="64" hits="1"/>
						<line number="65" hits="1"/>
						<line number="66" hits="1"/>
						<line number="67" hits="1"/>
						<line number="68" hits="1"/>
						<line number="71" hits="1"/>
						<line number="74" hits="1"/>
						<line number="75" hits="1"/>
						<line number="76" hits="1"/>
						<line number="77" hits="1"/>
						<line number="78" hits="1"/>
						<line number="79" hits="1"/>
						<line number="80" hits="1"/>
						<line number="81" hits="1"/>
						<line number="84" hits="1"/>
						<line number="87" hits="1"/>
						<line number="88" hits="1"/>
						<line number="89" hits="1"/>
						<line number="90" hits="1"/>
						<line number="91" hits="1"/>
						<line number="92" hits="1"/>
						<line number="93" hits="1"/>
						<line number="94" hits="1"/>
						<line number="95" hits="1"/>
						<line number="96" hits="1"/>
						<line number="99" hits="1"/>
						<line number="102" hits="1"/>
						<line number="103" hits="1"/>
						<line number="104" hits="1"/>
						<line number="105" hits="1"/>
						<line number="106" hits="1"/>
						<line number="107" hits="1"/>
						<line number="108" hits="1"/>
					</lines>
				</class>
			</classes>
		</package>
		<package name="external_tools_service.app.services" line-rate="0.539" branch-rate="0" complexity="0">
			<classes>
				<class name="__init__.py" filename="external_tools_service/app/services/__init__.py" complexity="0" line-rate="1" branch-rate="0">
					<methods/>
					<lines/>
				</class>
				<class name="ai_tools.py" filename="external_tools_service/app/services/ai_tools.py" complexity="0" line-rate="0.75" branch-rate="0">
					<methods/>
					<lines>
						<line number="1" hits="1"/>
						<line number="2" hits="1"/>
						<line number="3" hits="1"/>
						<line number="5" hits="1"/>
						<line number="7" hits="1"/>
						<line number="10" hits="1"/>
						<line number="14" hits="1"/>
						<line number="15" hits="1"/>
						<line number="16" hits="1"/>
						<line number="17" hits="1"/>
						<line number="18" hits="1"/>
						<line number="19" hits="1"/>
						<line number="20" hits="1"/>
						<line number="21" hits="0"/>
						<line number="22" hits="0"/>
						<line number="23" hits="1"/>
						<line number="25" hits="1"/>
						<line number="26" hits="0"/>
						<line number="27" hits="0"/>
						<line number="28" hits="0"/>
					</lines>
				</class>
				<class name="analytics_tools.py" filename="external_tools_service/app/services/analytics_tools.py" complexity="0" line-rate="0.7222" branch-rate="0">
					<methods/>
					<lines>
						<line number="1" hits="1"/>
						<line number="2" hits="1"/>
						<line number="4" hits="1"/>
						<line number="6" hits="1"/>
						<line number="9" hits="1"/>
						<line number="13" hits="1"/>
						<line number="14" hits="1"/>
						<line number="15" hits="1"/>
						<line number="16" hits="1"/>
						<line number="17" hits="1"/>
						<line number="18" hits="1"/>
						<line number="19" hits="0"/>
						<line number="20" hits="0"/>
						<line number="21" hits="1"/>
						<line number="23" hits="1"/>
						<line number="24" hits="0"/>
						<line number="25" hits="0"/>
						<line number="26" hits="0"/>
					</lines>
				</class>
				<class name="calendar_tools.py" filename="external_tools_service/app/services/calendar_tools.py" complexity="0" line-rate="0.7547" branch-rate="0">
					<methods/>
					<lines>
						<line number="1" hits="1"/>
						<line number="2" hits="1"/>
						<line number="3" hits="1"/>
						<line number="5" hits="1"/>
						<line number="7" hits="1"/>
						<line number="8" hits="1"/>
						<line number="9" hits="1"/>
						<line number="12" hits="1"/>
						<line number="13" hits="0"/>
						<line number="14" hits="0"/>
						<line number="15" hits="0"/>
						<line number="18" hits="1"/>
						<line number="23" hits="1"/>
						<line number="24" hits="1"/>
						<line number="25" hits="1"/>
						<line number="26" hits="1"/>
						<line number="27" hits="0"/>
						<line number="28" hits="1"/>
						<line number="29" hits="1"/>
						<line number="30" hits="0"/>
						<line number="31" hits="0"/>
						<line number="32" hits="0"/>
						<line number="33" hits="0"/>
						<line number="34" hits="1"/>
						<line number="35" hits="1"/>
						<line number="36" hits="1"/>
						<line number="37" hits="1"/>
						<line number="40" hits="1"/>
						<line number="44" hits="1"/>
						<line number="46" hits="1"/>
						<line number="47" hits="1"/>
						<line number="48" hits="1"/>
						<line number="49" hits="1"/>
						<line number="50" hits="1"/>
						<line number="51" hits="1"/>
						<line number="52" hits="0"/>
						<line number="53" hits="1"/>
						<line number="54" hits="1"/>
						<line number="55" hits="0"/>
						<line number="56" hits="0"/>
						<line number="57" hits="0"/>
						<line number="58" hits="0"/>
						<line number="59" hits="1"/>
						<line number="60" hits="1"/>
						<line number="61" hits="1"/>
						<line number="62" hits="1"/>
						<line number="63" hits="1"/>
						<line number="64" hits="1"/>
						<line number="65" hits="1"/>
						<line number="66" hits="1"/>
						<line number="67" hits="1"/>
						<line number="68" hits="1"/>
						<line number="69" hits="1"/>
					</lines>
				</class>
				<class name="document_tools.py" filename="external_tools_service/app/services/document_tools.py" complexity="0" line-rate="0.8095" branch-rate="0">
					<methods/>
					<lines>
						<line number="1" hits="1"/>
						<line number="2" hits="1"/>
						<line number="4" hits="1"/>
						<line number="6" hits="1"/>
						<line number="9" hits="1"/>
						<line number="14" hits="1"/>
						<line number="15" hits="1"/>
						<line number="16" hits="1"/>
						<line number="17" hits="1"/>
						<line number="18" hits="1"/>
						<line number="19" hits="1"/>
						<line number="20" hits="1"/>
						<line number="21" hits="1"/>
						<line number="22" hits="1"/>
						<line number="23" hits="1"/>
						<line number="24" hits="1"/>
						<line number="25" hits="0"/>
						<line number="27" hits="1"/>
						<line number="28" hits="0"/>
						<line number="29" hits="0"/>
						<line number="30" hits="0"/>
					</lines>
				</class>
				<class name="email_tools.py" filename="external_tools_service/app/services/email_tools.py" complexity="0" line-rate="0.8421" branch-rate="0">
					<methods/>
					<lines>
						<line number="1" hits="1"/>
						<line number="3" hits="1"/>
						<line number="4" hits="1"/>
						<line number="7" hits="1"/>
						<line number="11" hits="1"/>
						<line number="12" hits="1"/>
						<line number="13" hits="1"/>
						<line number="14" hits="1"/>
						<line number="15" hits="1"/>
						<line number="16" hits="1"/>
						<line number="17" hits="1"/>
						<line number="18" hits="1"/>
						<line number="19" hits="1"/>
						<line number="25" hits="1"/>
						<line number="26" hits="1"/>
						<line number="27" hits="1"/>
						<line number="28" hits="0"/>
						<line number="29" hits="0"/>
						<line number="30" hits="0"/>
					</lines>
				</class>
				<class name="external_tools_service.py" filename="external_tools_service/app/services/external_tools_service.py" complexity="0" line-rate="0.2518" branch-rate="0">
					<methods/>
					<lines>
						<line number="1" hits="1"/>
						<line number="2" hits="1"/>
						<line number="4" hits="1"/>
						<line number="6" hits="1"/>
						<line number="7" hits="1"/>
						<line number="15" hits="1"/>
						<line number="31" hits="1"/>
						<line number="34" hits="1"/>
						<line number="41" hits="1"/>
						<line number="42" hits="1"/>
						<line number="44" hits="1"/>
						<line number="52" hits="0"/>
						<line number="55" hits="0"/>
						<line number="57" hits="1"/>
						<line number="71" hits="0"/>
						<line number="76" hits="0"/>
						<line number="77" hits="0"/>
						<line number="80" hits="0"/>
						<line number="82" hits="1"/>
						<line number="96" hits="0"/>
						<line number="103" hits="0"/>
						<line number="104" hits="0"/>
						<line number="107" hits="0"/>
						<line number="110" hits="0"/>
						<line number="118" hits="0"/>
						<line number="120" hits="1"/>
						<line number="137" hits="0"/>
						<line number="138" hits="0"/>
						<line number="141" hits="0"/>
						<line number="148" hits="0"/>
						<line number="149" hits="0"/>
						<line number="152" hits="0"/>
						<line number="155" hits="0"/>
						<line number="160" hits="0"/>
						<line number="165" hits="0"/>
						<line number="175" hits="0"/>
						<line number="177" hits="0"/>
						<line number="178" hits="0"/>
						<line number="179" hits="0"/>
						<line number="180" hits="0"/>
						<line number="181" hits="0"/>
						<line number="182" hits="0"/>
						<line number="183" hits="0"/>
						<line number="184" hits="0"/>
						<line number="185" hits="0"/>
						<line number="186" hits="0"/>
						<line number="191" hits="0"/>
						<line number="193" hits="0"/>
						<line number="194" hits="0"/>
						<line number="196" hits="0"/>
						<line number="199" hits="0"/>
						<line number="220" hits="0"/>
						<line number="221" hits="0"/>
						<line number="222" hits="0"/>
						<line number="225" hits="0"/>
						<line number="227" hits="1"/>
						<line number="244" hits="1"/>
						<line number="251" hits="1"/>
						<line number="252" hits="0"/>
						<line number="255" hits="1"/>
						<line number="258" hits="1"/>
						<line number="263" hits="1"/>
						<line number="273" hits="1"/>
						<line number="275" hits="0"/>
						<line number="276" hits="0"/>
						<line number="277" hits="0"/>
						<line number="280" hits="0"/>
						<line number="283" hits="0"/>
						<line number="284" hits="0"/>
						<line number="287" hits="0"/>
						<line number="288" hits="0"/>
						<line number="289" hits="0"/>
						<line number="291" hits="0"/>
						<line number="292" hits="0"/>
						<line number="294" hits="0"/>
						<line number="297" hits="1"/>
						<line number="312" hits="1"/>
						<line number="313" hits="1"/>
						<line number="314" hits="1"/>
						<line number="317" hits="1"/>
						<line number="319" hits="1"/>
						<line number="330" hits="1"/>
						<line number="337" hits="1"/>
						<line number="339" hits="1"/>
						<line number="356" hits="0"/>
						<line number="366" hits="0"/>
						<line number="367" hits="0"/>
						<line number="370" hits="0"/>
						<line number="372" hits="1"/>
						<line number="389" hits="0"/>
						<line number="399" hits="0"/>
						<line number="400" hits="0"/>
						<line number="403" hits="0"/>
						<line number="404" hits="0"/>
						<line number="407" hits="0"/>
						<line number="414" hits="0"/>
						<line number="417" hits="0"/>
						<line number="422" hits="0"/>
						<line number="423" hits="0"/>
						<line number="426" hits="0"/>
						<line number="427" hits="0"/>
						<line number="428" hits="0"/>
						<line number="429" hits="0"/>
						<line number="434" hits="0"/>
						<line number="436" hits="0"/>
						<line number="437" hits="0"/>
						<line number="440" hits="0"/>
						<line number="442" hits="1"/>
						<line number="457" hits="0"/>
						<line number="467" hits="0"/>
						<line number="468" hits="0"/>
						<line number="471" hits="0"/>
						<line number="478" hits="0"/>
						<line number="481" hits="0"/>
						<line number="482" hits="0"/>
						<line number="485" hits="0"/>
						<line number="487" hits="0"/>
						<line number="490" hits="0"/>
						<line number="491" hits="0"/>
						<line number="493" hits="0"/>
						<line number="496" hits="0"/>
						<line number="498" hits="1"/>
						<line number="513" hits="0"/>
						<line number="523" hits="0"/>
						<line number="524" hits="0"/>
						<line number="527" hits="0"/>
						<line number="534" hits="0"/>
						<line number="537" hits="0"/>
						<line number="538" hits="0"/>
						<line number="541" hits="0"/>
						<line number="543" hits="0"/>
						<line number="546" hits="0"/>
						<line number="547" hits="0"/>
						<line number="550" hits="0"/>
						<line number="552" hits="1"/>
						<line number="562" hits="0"/>
						<line number="574" hits="1"/>
						<line number="587" hits="0"/>
						<line number="593" hits="0"/>
					</lines>
				</class>
				<class name="push_tools.py" filename="external_tools_service/app/services/push_tools.py" complexity="0" line-rate="0.8125" branch-rate="0">
					<methods/>
					<lines>
						<line number="1" hits="1"/>
						<line number="3" hits="1"/>
						<line number="6" hits="1"/>
						<line number="10" hits="1"/>
						<line number="11" hits="1"/>
						<line number="12" hits="1"/>
						<line number="13" hits="1"/>
						<line number="14" hits="1"/>
						<line number="15" hits="1"/>
						<line number="16" hits="1"/>
						<line number="17" hits="1"/>
						<line number="18" hits="1"/>
						<line number="19" hits="1"/>
						<line number="20" hits="0"/>
						<line number="21" hits="0"/>
						<line number="22" hits="0"/>
					</lines>
				</class>
				<class name="sms_tools.py" filename="external_tools_service/app/services/sms_tools.py" complexity="0" line-rate="0.7727" branch-rate="0">
					<methods/>
					<lines>
						<line number="1" hits="1"/>
						<line number="3" hits="1"/>
						<line number="4" hits="1"/>
						<line number="5" hits="0"/>
						<line number="6" hits="0"/>
						<line number="8" hits="1"/>
						<line number="12" hits="1"/>
						<line number="13" hits="1"/>
						<line number="14" hits="1"/>
						<line number="15" hits="1"/>
						<line number="16" hits="1"/>
						<line number="17" hits="1"/>
						<line number="18" hits="1"/>
						<line number="19" hits="1"/>
						<line number="20" hits="1"/>
						<line number="21" hits="1"/>
						<line number="22" hits="1"/>
						<line number="23" hits="1"/>
						<line number="24" hits="1"/>
						<line number="25" hits="0"/>
						<line number="26" hits="0"/>
						<line number="27" hits="0"/>
					</lines>
				</class>
			</classes>
		</package>
		<package name="notification_service" line-rate="1" branch-rate="0" complexity="0">
			<classes>
				<class name="__init__.py" filename="notification_service/__init__.py" complexity="0" line-rate="1" branch-rate="0">
					<methods/>
					<lines/>
				</class>
			</classes>
		</package>
		<package name="notification_service.app" line-rate="0.6522" branch-rate="0" complexity="0">
			<classes>
				<class name="__init__.py" filename="notification_service/app/__init__.py" complexity="0" line-rate="1" branch-rate="0">
					<methods/>
					<lines/>
				</class>
				<class name="main.py" filename="notification_service/app/main.py" complexity="0" line-rate="0.6522" branch-rate="0">
					<methods/>
					<lines>
						<line number="1" hits="1"/>
						<line number="3" hits="1"/>
						<line number="4" hits="1"/>
						<line number="5" hits="1"/>
						<line number="6" hits="1"/>
						<line number="7" hits="1"/>
						<line number="9" hits="1"/>
						<line number="16" hits="1"/>
						<line number="19" hits="1"/>
						<line number="20" hits="1"/>
						<line number="21" hits="1"/>
						<line number="22" hits="1"/>
						<line number="25" hits="1"/>
						<line number="28" hits="1"/>
						<line number="35" hits="1"/>
						<line number="44" hits="1"/>
						<line number="47" hits="1"/>
						<line number="60" hits="1"/>
						<line number="61" hits="1"/>
						<line number="62" hits="0"/>
						<line number="64" hits="0"/>
						<line number="65" hits="0"/>
						<line number="67" hits="0"/>
						<line number="68" hits="1"/>
						<line number="69" hits="1"/>
						<line number="73" hits="1"/>
						<line number="76" hits="1"/>
						<line number="93" hits="0"/>
						<line number="96" hits="0"/>
						<line number="98" hits="0"/>
						<line number="99" hits="0"/>
						<line number="102" hits="1"/>
						<line number="107" hits="1"/>
						<line number="126" hits="0"/>
						<line number="127" hits="0"/>
						<line number="130" hits="1"/>
						<line number="135" hits="1"/>
						<line number="153" hits="0"/>
						<line number="154" hits="0"/>
						<line number="157" hits="1"/>
						<line number="162" hits="1"/>
						<line number="180" hits="0"/>
						<line number="181" hits="0"/>
						<line number="184" hits="1"/>
						<line number="189" hits="1"/>
						<line number="205" hits="0"/>
						<line number="206" hits="0"/>
						<line number="209" hits="1"/>
						<line number="210" hits="1"/>
						<line number="223" hits="0"/>
						<line number="224" hits="0"/>
						<line number="227" hits="1"/>
						<line number="228" hits="1"/>
						<line number="244" hits="0"/>
						<line number="245" hits="0"/>
						<line number="249" hits="1"/>
						<line number="254" hits="1"/>
						<line number="267" hits="0"/>
						<line number="268" hits="0"/>
						<line number="271" hits="1"/>
						<line number="276" hits="1"/>
						<line number="292" hits="0"/>
						<line number="293" hits="0"/>
						<line number="298" hits="1"/>
						<line number="299" hits="1"/>
						<line number="306" hits="1"/>
						<line number="309" hits="1"/>
						<line number="310" hits="1"/>
						<line number="311" hits="1"/>
					</lines>
				</class>
			</classes>
		</package>
		<package name="notification_service.app.middleware" line-rate="1" branch-rate="0" complexity="0">
			<classes>
				<class name="__init__.py" filename="notification_service/app/middleware/__init__.py" complexity="0" line-rate="1" branch-rate="0">
					<methods/>
					<lines/>
				</class>
			</classes>
		</package>
		<package name="notification_service.app.observers" line-rate="0.8298" branch-rate="0" complexity="0">
			<classes>
				<class name="__init__.py" filename="notification_service/app/observers/__init__.py" complexity="0" line-rate="1" branch-rate="0">
					<methods/>
					<lines/>
				</class>
				<class name="notification_observer.py" filename="notification_service/app/observers/notification_observer.py" complexity="0" line-rate="0.8298" branch-rate="0">
					<methods/>
					<lines>
						<line number="1" hits="1"/>
						<line number="2" hits="1"/>
						<line number="4" hits="1"/>
						<line number="5" hits="1"/>
						<line number="6" hits="1"/>
						<line number="7" hits="1"/>
						<line number="8" hits="1"/>
						<line number="11" hits="1"/>
						<line number="14" hits="1"/>
						<line number="15" hits="1"/>
						<line number="24" hits="1"/>
						<line number="27" hits="1"/>
						<line number="34" hits="1"/>
						<line number="35" hits="1"/>
						<line number="36" hits="1"/>
						<line number="37" hits="1"/>
						<line number="38" hits="1"/>
						<line number="39" hits="1"/>
						<line number="40" hits="1"/>
						<line number="41" hits="0"/>
						<line number="42" hits="0"/>
						<line number="44" hits="1"/>
						<line number="56" hits="0"/>
						<line number="58" hits="1"/>
						<line number="69" hits="1"/>
						<line number="98" hits="1"/>
						<line number="102" hits="1"/>
						<line number="105" hits="1"/>
						<line number="112" hits="1"/>
						<line number="113" hits="1"/>
						<line number="114" hits="1"/>
						<line number="115" hits="1"/>
						<line number="116" hits="1"/>
						<line number="117" hits="1"/>
						<line number="118" hits="0"/>
						<line number="119" hits="0"/>
						<line number="123" hits="1"/>
						<line number="126" hits="1"/>
						<line number="133" hits="1"/>
						<line number="134" hits="1"/>
						<line number="135" hits="1"/>
						<line number="136" hits="1"/>
						<line number="137" hits="1"/>
						<line number="138" hits="0"/>
						<line number="139" hits="0"/>
						<line number="141" hits="1"/>
						<line number="153" hits="0"/>
					</lines>
				</class>
			</classes>
		</package>
		<package name="notification_service.app.schemas" line-rate="1" branch-rate="0" complexity="0">
			<classes>
				<class name="__init__.py" filename="notification_service/app/schemas/__init__.py" complexity="0" line-rate="1" branch-rate="0">
					<methods/>
					<lines/>
				</class>
				<class name="notification.py" filename="notification_service/app/schemas/notification.py" complexity="0" line-rate="1" branch-rate="0">
					<methods/>
					<lines>
						<line number="1" hits="1"/>
						<line number="2" hits="1"/>
						<line number="3" hits="1"/>
						<line number="5" hits="1"/>
						<line number="8" hits="1"/>
						<line number="11" hits="1"/>
						<line number="12" hits="1"/>
						<line number="13" hits="1"/>
						<line number="14" hits="1"/>
						<line number="15" hits="1"/>
						<line number="16" hits="1"/>
						<line number="17" hits="1"/>
						<line number="20" hits="1"/>
						<line number="23" hits="1"/>
						<line number="24" hits="1"/>
						<line number="25" hits="1"/>
						<line number="28" hits="1"/>
						<line number="31" hits="1"/>
						<line number="32" hits="1"/>
						<line number="33" hits="1"/>
						<line number="34" hits="1"/>
						<line number="37" hits="1"/>
						<line number="40" hits="1"/>
						<line number="41" hits="1"/>
						<line number="42" hits="1"/>
						<line number="43" hits="1"/>
						<line number="44" hits="1"/>
						<line number="45" hits="1"/>
						<line number="46" hits="1"/>
						<line number="47" hits="1"/>
						<line number="48" hits="1"/>
						<line number="49" hits="1"/>
						<line number="50" hits="1"/>
						<line number="53" hits="1"/>
						<line number="56" hits="1"/>
						<line number="57" hits="1"/>
						<line number="58" hits="1"/>
						<line number="59" hits="1"/>
						<line number="60" hits="1"/>
						<line number="61" hits="1"/>
						<line number="62" hits="1"/>
						<line number="63" hits="1"/>
						<line number="64" hits="1"/>
						<line number="65" hits="1"/>
						<line number="66" hits="1"/>
						<line number="67" hits="1"/>
						<line number="68" hits="1"/>
						<line number="69" hits="1"/>
						<line number="70" hits="1"/>
						<line number="71" hits="1"/>
						<line number="74" hits="1"/>
						<line number="77" hits="1"/>
						<line number="80" hits="1"/>
						<line number="83" hits="1"/>
						<line number="84" hits="1"/>
						<line number="85" hits="1"/>
						<line number="86" hits="1"/>
						<line number="87" hits="1"/>
						<line number="88" hits="1"/>
						<line number="89" hits="1"/>
						<line number="90" hits="1"/>
						<line number="91" hits="1"/>
						<line number="92" hits="1"/>
						<line number="93" hits="1"/>
						<line number="96" hits="1"/>
						<line number="99" hits="1"/>
						<line number="100" hits="1"/>
						<line number="101" hits="1"/>
						<line number="102" hits="1"/>
						<line number="103" hits="1"/>
						<line number="104" hits="1"/>
						<line number="105" hits="1"/>
						<line number="106" hits="1"/>
						<line number="107" hits="1"/>
						<line number="108" hits="1"/>
						<line number="109" hits="1"/>
						<line number="114" hits="1"/>
						<line number="117" hits="1"/>
						<line number="118" hits="1"/>
						<line number="119" hits="1"/>
						<line number="120" hits="1"/>
						<line number="121" hits="1"/>
						<line number="122" hits="1"/>
						<line number="123" hits="1"/>
						<line number="124" hits="1"/>
						<line number="125" hits="1"/>
						<line number="126" hits="1"/>
					</lines>
				</class>
			</classes>
		</package>
		<package name="notification_service.app.services" line-rate="0.7143" branch-rate="0" complexity="0">
			<classes>
				<class name="__init__.py" filename="notification_service/app/services/__init__.py" complexity="0" line-rate="1" branch-rate="0">
					<methods/>
					<lines/>
				</class>
				<class name="notification_service.py" filename="notification_service/app/services/notification_service.py" complexity="0" line-rate="0.7143" branch-rate="0">
					<methods/>
					<lines>
						<line number="1" hits="1"/>
						<line number="2" hits="1"/>
						<line number="4" hits="1"/>
						<line number="6" hits="1"/>
						<line number="12" hits="1"/>
						<line number="20" hits="1"/>
						<line number="21" hits="1"/>
						<line number="24" hits="1"/>
						<line number="27" hits="1"/>
						<line number="34" hits="1"/>
						<line number="35" hits="1"/>
						<line number="38" hits="1"/>
						<line number="44" hits="1"/>
						<line number="57" hits="1"/>
						<line number="60" hits="1"/>
						<line number="61" hits="1"/>
						<line number="62" hits="1"/>
						<line number="63" hits="0"/>
						<line number="64" hits="1"/>
						<line number="65" hits="0"/>
						<line number="66" hits="1"/>
						<line number="67" hits="0"/>
						<line number="68" hits="1"/>
						<line number="69" hits="1"/>
						<line number="72" hits="1"/>
						<line number="73" hits="0"/>
						<line number="76" hits="0"/>
						<line number="77" hits="0"/>
						<line number="78" hits="0"/>
						<line number="79" hits="0"/>
						<line number="80" hits="0"/>
						<line number="83" hits="1"/>
						<line number="84" hits="0"/>
						<line number="85" hits="0"/>
						<line number="86" hits="0"/>
						<line number="92" hits="0"/>
						<line number="99" hits="1"/>
						<line number="114" hits="1"/>
						<line number="115" hits="1"/>
						<line number="116" hits="1"/>
						<line number="119" hits="1"/>
						<line number="120" hits="1"/>
						<line number="123" hits="1"/>
						<line number="125" hits="1"/>
						<line number="137" hits="1"/>
						<line number="139" hits="1"/>
						<line number="141" hits="1"/>
						<line number="156" hits="1"/>
						<line number="157" hits="1"/>
						<line number="159" hits="1"/>
						<line number="161" hits="1"/>
						<line number="176" hits="1"/>
						<line number="186" hits="1"/>
						<line number="188" hits="1"/>
						<line number="203" hits="1"/>
						<line number="213" hits="1"/>
						<line number="215" hits="1"/>
						<line number="232" hits="1"/>
						<line number="239" hits="1"/>
						<line number="240" hits="0"/>
						<line number="243" hits="1"/>
						<line number="244" hits="1"/>
						<line number="247" hits="1"/>
						<line number="248" hits="1"/>
						<line number="251" hits="1"/>
						<line number="253" hits="1"/>
						<line number="264" hits="1"/>
						<line number="269" hits="1"/>
						<line number="272" hits="1"/>
						<line number="274" hits="1"/>
						<line number="289" hits="1"/>
						<line number="296" hits="1"/>
						<line number="297" hits="0"/>
						<line number="300" hits="1"/>
						<line number="301" hits="1"/>
						<line number="304" hits="1"/>
						<line number="306" hits="1"/>
						<line number="317" hits="1"/>
						<line number="320" hits="1"/>
						<line number="334" hits="1"/>
						<line number="348" hits="1"/>
						<line number="351" hits="1"/>
						<line number="352" hits="1"/>
						<line number="354" hits="1"/>
						<line number="355" hits="0"/>
						<line number="357" hits="1"/>
						<line number="358" hits="0"/>
						<line number="360" hits="1"/>
						<line number="361" hits="0"/>
						<line number="363" hits="1"/>
						<line number="364" hits="0"/>
						<line number="366" hits="1"/>
						<line number="367" hits="0"/>
						<line number="369" hits="1"/>
						<line number="370" hits="0"/>
						<line number="372" hits="1"/>
						<line number="373" hits="0"/>
						<line number="375" hits="1"/>
						<line number="376" hits="0"/>
						<line number="378" hits="1"/>
						<line number="379" hits="0"/>
						<line number="380" hits="0"/>
						<line number="381" hits="0"/>
						<line number="382" hits="0"/>
						<line number="383" hits="0"/>
						<line number="384" hits="0"/>
						<line number="385" hits="0"/>
						<line number="388" hits="1"/>
						<line number="389" hits="1"/>
						<line number="392" hits="1"/>
						<line number="406" hits="1"/>
						<line number="417" hits="0"/>
						<line number="424" hits="0"/>
						<line number="425" hits="0"/>
						<line number="436" hits="0"/>
						<line number="437" hits="0"/>
						<line number="438" hits="0"/>
						<line number="440" hits="0"/>
						<line number="442" hits="1"/>
						<line number="450" hits="1"/>
						<line number="451" hits="1"/>
						<line number="454" hits="1"/>
						<line number="455" hits="1"/>
						<line number="458" hits="1"/>
						<line number="460" hits="1"/>
						<line number="463" hits="1"/>
						<line number="466" hits="1"/>
						<line number="471" hits="1"/>
						<line number="473" hits="1"/>
						<line number="475" hits="1"/>
						<line number="487" hits="0"/>
						<line number="508" hits="1"/>
						<line number="518" hits="1"/>
					</lines>
				</class>
			</classes>
		</package>
		<package name="project_service" line-rate="1" branch-rate="0" complexity="0">
			<classes>
				<class name="__init__.py" filename="project_service/__init__.py" complexity="0" line-rate="1" branch-rate="0">
					<methods/>
					<lines/>
				</class>
			</classes>
		</package>
		<package name="project_service.app" line-rate="0.5102" branch-rate="0" complexity="0">
			<classes>
				<class name="__init__.py" filename="project_service/app/__init__.py" complexity="0" line-rate="1" branch-rate="0">
					<methods/>
					<lines/>
				</class>
				<class name="main.py" filename="project_service/app/main.py" complexity="0" line-rate="0.5102" branch-rate="0">
					<methods/>
					<lines>
						<line number="1" hits="1"/>
						<line number="3" hits="1"/>
						<line number="4" hits="1"/>
						<line number="5" hits="1"/>
						<line number="6" hits="1"/>
						<line number="7" hits="1"/>
						<line number="9" hits="1"/>
						<line number="14" hits="1"/>
						<line number="15" hits="1"/>
						<line number="23" hits="1"/>
						<line number="30" hits="1"/>
						<line number="31" hits="1"/>
						<line number="32" hits="1"/>
						<line number="33" hits="1"/>
						<line number="34" hits="1"/>
						<line number="35" hits="1"/>
						<line number="36" hits="1"/>
						<line number="39" hits="1"/>
						<line number="42" hits="1"/>
						<line number="49" hits="1"/>
						<line number="58" hits="1"/>
						<line number="61" hits="1"/>
						<line number="64" hits="1"/>
						<line number="77" hits="1"/>
						<line number="78" hits="1"/>
						<line number="79" hits="0"/>
						<line number="81" hits="0"/>
						<line number="82" hits="0"/>
						<line number="84" hits="0"/>
						<line number="85" hits="1"/>
						<line number="86" hits="1"/>
						<line number="90" hits="1"/>
						<line number="91" hits="1"/>
						<line number="107" hits="0"/>
						<line number="108" hits="0"/>
						<line number="111" hits="1"/>
						<line number="112" hits="1"/>
						<line number="125" hits="0"/>
						<line number="126" hits="0"/>
						<line number="129" hits="1"/>
						<line number="130" hits="1"/>
						<line number="146" hits="0"/>
[...]
						<line number="65" hits="1"/>
						<line number="67" hits="1"/>
						<line number="68" hits="1"/>
						<line number="69" hits="1"/>
						<line number="70" hits="1"/>
						<line number="72" hits="1"/>
						<line number="73" hits="1"/>
						<line number="74" hits="1"/>
						<line number="77" hits="1"/>
						<line number="78" hits="1"/>
						<line number="79" hits="1"/>
						<line number="81" hits="1"/>
						<line number="82" hits="1"/>
						<line number="83" hits="1"/>
						<line number="85" hits="1"/>
						<line number="86" hits="1"/>
						<line number="87" hits="1"/>
						<line number="89" hits="1"/>
						<line number="90" hits="1"/>
						<line number="91" hits="1"/>
						<line number="92" hits="1"/>
						<line number="93" hits="1"/>
						<line number="94" hits="1"/>
						<line number="96" hits="1"/>
						<line number="97" hits="1"/>
						<line number="98" hits="1"/>
						<line number="99" hits="1"/>
						<line number="100" hits="1"/>
					</lines>
				</class>
			</classes>
		</package>
		<package name="tests.shared.exceptions" line-rate="1" branch-rate="0" complexity="0">
			<classes>
				<class name="test_auth_exceptions.py" filename="tests/shared/exceptions/test_auth_exceptions.py" complexity="0" line-rate="1" branch-rate="0">
					<methods/>
					<lines>
						<line number="1" hits="1"/>
						<line number="12" hits="1"/>
						<line number="13" hits="1"/>
						<line number="14" hits="1"/>
						<line number="15" hits="1"/>
						<line number="16" hits="1"/>
						<line number="18" hits="1"/>
						<line number="19" hits="1"/>
						<line number="20" hits="1"/>
						<line number="21" hits="1"/>
						<line number="22" hits="1"/>
						<line number="24" hits="1"/>
						<line number="25" hits="1"/>
						<line number="26" hits="1"/>
						<line number="27" hits="1"/>
						<line number="28" hits="1"/>
						<line number="30" hits="1"/>
						<line number="31" hits="1"/>
						<line number="32" hits="1"/>
						<line number="33" hits="1"/>
						<line number="34" hits="1"/>
						<line number="36" hits="1"/>
						<line number="37" hits="1"/>
						<line number="38" hits="1"/>
						<line number="39" hits="1"/>
						<line number="40" hits="1"/>
						<line number="42" hits="1"/>
						<line number="43" hits="1"/>
						<line number="44" hits="1"/>
						<line number="45" hits="1"/>
						<line number="46" hits="1"/>
						<line number="48" hits="1"/>
						<line number="49" hits="1"/>
						<line number="50" hits="1"/>
						<line number="51" hits="1"/>
						<line number="52" hits="1"/>
					</lines>
				</class>
				<class name="test_base_exceptions.py" filename="tests/shared/exceptions/test_base_exceptions.py" complexity="0" line-rate="1" branch-rate="0">
					<methods/>
					<lines>
						<line number="1" hits="1"/>
						<line number="3" hits="1"/>
						<line number="16" hits="1"/>
						<line number="17" hits="1"/>
						<line number="18" hits="1"/>
						<line number="19" hits="1"/>
						<line number="20" hits="1"/>
						<line number="22" hits="1"/>
						<line number="23" hits="1"/>
						<line number="24" hits="1"/>
						<line number="25" hits="1"/>
						<line number="26" hits="1"/>
						<line number="28" hits="1"/>
						<line number="29" hits="1"/>
						<line number="30" hits="1"/>
						<line number="31" hits="1"/>
						<line number="32" hits="1"/>
						<line number="34" hits="1"/>
						<line number="35" hits="1"/>
						<line number="36" hits="1"/>
						<line number="37" hits="1"/>
						<line number="38" hits="1"/>
						<line number="40" hits="1"/>
						<line number="41" hits="1"/>
						<line number="42" hits="1"/>
						<line number="43" hits="1"/>
						<line number="44" hits="1"/>
						<line number="46" hits="1"/>
						<line number="47" hits="1"/>
						<line number="48" hits="1"/>
						<line number="49" hits="1"/>
						<line number="50" hits="1"/>
						<line number="52" hits="1"/>
						<line number="53" hits="1"/>
						<line number="54" hits="1"/>
						<line number="55" hits="1"/>
						<line number="56" hits="1"/>
						<line number="58" hits="1"/>
						<line number="59" hits="1"/>
						<line number="60" hits="1"/>
						<line number="61" hits="1"/>
						<line number="62" hits="1"/>
						<line number="64" hits="1"/>
						<line number="65" hits="1"/>
						<line number="66" hits="1"/>
						<line number="68" hits="1"/>
						<line number="69" hits="1"/>
						<line number="70" hits="1"/>
						<line number="71" hits="1"/>
					</lines>
				</class>
				<class name="test_document_exceptions.py" filename="tests/shared/exceptions/test_document_exceptions.py" complexity="0" line-rate="1" branch-rate="0">
					<methods/>
					<lines>
						<line number="1" hits="1"/>
						<line number="3" hits="1"/>
						<line number="15" hits="1"/>
						<line number="16" hits="1"/>
						<line number="17" hits="1"/>
						<line number="18" hits="1"/>
						<line number="19" hits="1"/>
						<line number="21" hits="1"/>
						<line number="22" hits="1"/>
						<line number="23" hits="1"/>
						<line number="24" hits="1"/>
						<line number="25" hits="1"/>
						<line number="27" hits="1"/>
						<line number="28" hits="1"/>
						<line number="29" hits="1"/>
						<line number="30" hits="1"/>
						<line number="31" hits="1"/>
						<line number="33" hits="1"/>
						<line number="34" hits="1"/>
						<line number="35" hits="1"/>
						<line number="36" hits="1"/>
						<line number="37" hits="1"/>
						<line number="39" hits="1"/>
						<line number="40" hits="1"/>
						<line number="41" hits="1"/>
						<line number="42" hits="1"/>
						<line number="43" hits="1"/>
						<line number="45" hits="1"/>
						<line number="46" hits="1"/>
						<line number="47" hits="1"/>
						<line number="48" hits="1"/>
						<line number="49" hits="1"/>
						<line number="51" hits="1"/>
						<line number="52" hits="1"/>
						<line number="53" hits="1"/>
						<line number="54" hits="1"/>
						<line number="55" hits="1"/>
						<line number="57" hits="1"/>
						<line number="58" hits="1"/>
						<line number="59" hits="1"/>
						<line number="60" hits="1"/>
						<line number="61" hits="1"/>
					</lines>
				</class>
				<class name="test_project_exceptions.py" filename="tests/shared/exceptions/test_project_exceptions.py" complexity="0" line-rate="1" branch-rate="0">
					<methods/>
					<lines>
						<line number="1" hits="1"/>
						<line number="3" hits="1"/>
						<line number="15" hits="1"/>
						<line number="16" hits="1"/>
						<line number="17" hits="1"/>
						<line number="18" hits="1"/>
						<line number="19" hits="1"/>
						<line number="21" hits="1"/>
						<line number="22" hits="1"/>
						<line number="23" hits="1"/>
						<line number="24" hits="1"/>
						<line number="25" hits="1"/>
						<line number="27" hits="1"/>
						<line number="28" hits="1"/>
						<line number="29" hits="1"/>
						<line number="30" hits="1"/>
						<line number="31" hits="1"/>
						<line number="33" hits="1"/>
						<line number="34" hits="1"/>
						<line number="35" hits="1"/>
						<line number="36" hits="1"/>
						<line number="37" hits="1"/>
						<line number="39" hits="1"/>
						<line number="40" hits="1"/>
						<line number="41" hits="1"/>
						<line number="42" hits="1"/>
						<line number="43" hits="1"/>
						<line number="45" hits="1"/>
						<line number="46" hits="1"/>
						<line number="47" hits="1"/>
						<line number="48" hits="1"/>
						<line number="49" hits="1"/>
						<line number="51" hits="1"/>
						<line number="52" hits="1"/>
						<line number="53" hits="1"/>
						<line number="54" hits="1"/>
						<line number="55" hits="1"/>
						<line number="57" hits="1"/>
						<line number="58" hits="1"/>
						<line number="59" hits="1"/>
						<line number="60" hits="1"/>
						<line number="61" hits="1"/>
					</lines>
				</class>
			</classes>
		</package>
		<package name="tests.shared.models" line-rate="1" branch-rate="0" complexity="0">
			<classes>
				<class name="test_document_models.py" filename="tests/shared/models/test_document_models.py" complexity="0" line-rate="1" branch-rate="0">
					<methods/>
					<lines>
						<line number="1" hits="1"/>
						<line number="3" hits="1"/>
						<line number="6" hits="1"/>
						<line number="7" hits="1"/>
						<line number="10" hits="1"/>
						<line number="11" hits="1"/>
						<line number="12" hits="1"/>
						<line number="13" hits="1"/>
						<line number="14" hits="1"/>
						<line number="16" hits="1"/>
						<line number="17" hits="1"/>
						<line number="20" hits="1"/>
						<line number="21" hits="1"/>
						<line number="22" hits="1"/>
						<line number="24" hits="1"/>
						<line number="25" hits="1"/>
						<line number="28" hits="1"/>
						<line number="29" hits="1"/>
						<line number="30" hits="1"/>
						<line number="31" hits="1"/>
						<line number="32" hits="1"/>
						<line number="33" hits="1"/>
					</lines>
				</class>
				<class name="test_external_tools_models.py" filename="tests/shared/models/test_external_tools_models.py" complexity="0" line-rate="1" branch-rate="0">
					<methods/>
					<lines>
						<line number="1" hits="1"/>
						<line number="3" hits="1"/>
						<line number="10" hits="1"/>
						<line number="11" hits="1"/>
						<line number="15" hits="1"/>
						<line number="16" hits="1"/>
						<line number="17" hits="1"/>
						<line number="18" hits="1"/>
						<line number="19" hits="1"/>
						<line number="20" hits="1"/>
						<line number="22" hits="1"/>
						<line number="23" hits="1"/>
						<line number="26" hits="1"/>
						<line number="27" hits="1"/>
						<line number="28" hits="1"/>
						<line number="29" hits="1"/>
						<line number="31" hits="1"/>
						<line number="32" hits="1"/>
						<line number="35" hits="1"/>
						<line number="36" hits="1"/>
						<line number="37" hits="1"/>
						<line number="38" hits="1"/>
					</lines>
				</class>
				<class name="test_notification_models.py" filename="tests/shared/models/test_notification_models.py" complexity="0" line-rate="1" branch-rate="0">
					<methods/>
					<lines>
						<line number="1" hits="1"/>
						<line number="3" hits="1"/>
						<line number="6" hits="1"/>
						<line number="7" hits="1"/>
						<line number="10" hits="1"/>
						<line number="11" hits="1"/>
						<line number="12" hits="1"/>
						<line number="13" hits="1"/>
						<line number="14" hits="1"/>
						<line number="15" hits="1"/>
						<line number="17" hits="1"/>
						<line number="18" hits="1"/>
						<line number="26" hits="1"/>
						<line number="27" hits="1"/>
						<line number="28" hits="1"/>
						<line number="29" hits="1"/>
						<line number="30" hits="1"/>
						<line number="31" hits="1"/>
					</lines>
				</class>
				<class name="test_project_models.py" filename="tests/shared/models/test_project_models.py" complexity="0" line-rate="1" branch-rate="0">
					<methods/>
					<lines>
						<line number="1" hits="1"/>
						<line number="3" hits="1"/>
						<line number="12" hits="1"/>
						<line number="13" hits="1"/>
						<line number="14" hits="1"/>
						<line number="15" hits="1"/>
						<line number="16" hits="1"/>
						<line number="18" hits="1"/>
						<line number="19" hits="1"/>
						<line number="20" hits="1"/>
						<line number="21" hits="1"/>
						<line number="22" hits="1"/>
						<line number="24" hits="1"/>
						<line number="25" hits="1"/>
						<line number="26" hits="1"/>
						<line number="27" hits="1"/>
						<line number="28" hits="1"/>
						<line number="29" hits="1"/>
						<line number="31" hits="1"/>
						<line number="32" hits="1"/>
						<line number="33" hits="1"/>
						<line number="34" hits="1"/>
						<line number="35" hits="1"/>
						<line number="37" hits="1"/>
						<line number="38" hits="1"/>
						<line number="39" hits="1"/>
						<line number="40" hits="1"/>
						<line number="41" hits="1"/>
						<line number="42" hits="1"/>
					</lines>
				</class>
				<class name="test_user_models.py" filename="tests/shared/models/test_user_models.py" complexity="0" line-rate="1" branch-rate="0">
					<methods/>
					<lines>
						<line number="1" hits="1"/>
						<line number="3" hits="1"/>
						<line number="6" hits="1"/>
						<line number="7" hits="1"/>
						<line number="11" hits="1"/>
						<line number="12" hits="1"/>
						<line number="13" hits="1"/>
						<line number="14" hits="1"/>
						<line number="15" hits="1"/>
						<line number="17" hits="1"/>
						<line number="18" hits="1"/>
						<line number="19" hits="1"/>
						<line number="20" hits="1"/>
						<line number="22" hits="1"/>
						<line number="23" hits="1"/>
						<line number="24" hits="1"/>
						<line number="25" hits="1"/>
						<line number="26" hits="1"/>
						<line number="27" hits="1"/>
						<line number="29" hits="1"/>
						<line number="30" hits="1"/>
						<line number="34" hits="1"/>
						<line number="35" hits="1"/>
						<line number="36" hits="1"/>
					</lines>
				</class>
			</classes>
		</package>
		<package name="tests.shared.utils" line-rate="0.9943" branch-rate="0" complexity="0">
			<classes>
				<class name="test_db.py" filename="tests/shared/utils/test_db.py" complexity="0" line-rate="1" branch-rate="0">
					<methods/>
					<lines>
						<line number="1" hits="1"/>
						<line number="3" hits="1"/>
						<line number="6" hits="1"/>
						<line number="7" hits="1"/>
						<line number="8" hits="1"/>
						<line number="9" hits="1"/>
						<line number="11" hits="1"/>
						<line number="12" hits="1"/>
						<line number="13" hits="1"/>
						<line number="14" hits="1"/>
					</lines>
				</class>
				<class name="test_jwt.py" filename="tests/shared/utils/test_jwt.py" complexity="0" line-rate="1" branch-rate="0">
					<methods/>
					<lines>
						<line number="1" hits="1"/>
						<line number="2" hits="1"/>
						<line number="3" hits="1"/>
						<line number="5" hits="1"/>
						<line number="6" hits="1"/>
						<line number="8" hits="1"/>
						<line number="11" hits="1"/>
						<line number="12" hits="1"/>
						<line number="14" hits="1"/>
						<line number="15" hits="1"/>
						<line number="16" hits="1"/>
						<line number="17" hits="1"/>
						<line number="18" hits="1"/>
						<line number="20" hits="1"/>
						<line number="21" hits="1"/>
						<line number="22" hits="1"/>
						<line number="23" hits="1"/>
						<line number="24" hits="1"/>
						<line number="25" hits="1"/>
						<line number="27" hits="1"/>
						<line number="28" hits="1"/>
						<line number="29" hits="1"/>
						<line number="30" hits="1"/>
						<line number="31" hits="1"/>
						<line number="32" hits="1"/>
						<line number="34" hits="1"/>
						<line number="35" hits="1"/>
						<line number="37" hits="1"/>
						<line number="38" hits="1"/>
						<line number="39" hits="1"/>
						<line number="40" hits="1"/>
						<line number="41" hits="1"/>
						<line number="42" hits="1"/>
						<line number="44" hits="1"/>
						<line number="45" hits="1"/>
						<line number="46" hits="1"/>
						<line number="48" hits="1"/>
						<line number="49" hits="1"/>
						<line number="50" hits="1"/>
						<line number="51" hits="1"/>
						<line number="53" hits="1"/>
						<line number="54" hits="1"/>
						<line number="55" hits="1"/>
						<line number="57" hits="1"/>
						<line number="58" hits="1"/>
						<line number="59" hits="1"/>
						<line number="60" hits="1"/>
						<line number="61" hits="1"/>
						<line number="63" hits="1"/>
						<line number="64" hits="1"/>
						<line number="65" hits="1"/>
						<line number="68" hits="1"/>
						<line number="69" hits="1"/>
						<line number="70" hits="1"/>
						<line number="71" hits="1"/>
						<line number="73" hits="1"/>
						<line number="75" hits="1"/>
						<line number="76" hits="1"/>
						<line number="77" hits="1"/>
						<line number="78" hits="1"/>
						<line number="79" hits="1"/>
						<line number="80" hits="1"/>
						<line number="82" hits="1"/>
						<line number="83" hits="1"/>
						<line number="84" hits="1"/>
					</lines>
				</class>
				<class name="test_rabbitmq.py" filename="tests/shared/utils/test_rabbitmq.py" complexity="0" line-rate="0.9836" branch-rate="0">
					<methods/>
					<lines>
						<line number="1" hits="1"/>
						<line number="2" hits="1"/>
						<line number="4" hits="1"/>
						<line number="7" hits="1"/>
						<line number="8" hits="1"/>
						<line number="9" hits="1"/>
						<line number="10" hits="1"/>
						<line number="12" hits="1"/>
						<line number="13" hits="1"/>
						<line number="14" hits="1"/>
						<line number="15" hits="1"/>
						<line number="16" hits="1"/>
						<line number="17" hits="1"/>
						<line number="18" hits="1"/>
						<line number="19" hits="1"/>
						<line number="20" hits="1"/>
						<line number="21" hits="1"/>
						<line number="22" hits="1"/>
						<line number="24" hits="1"/>
						<line number="25" hits="1"/>
						<line number="26" hits="1"/>
						<line number="27" hits="0"/>
						<line number="28" hits="1"/>
						<line number="29" hits="1"/>
						<line number="30" hits="1"/>
						<line number="32" hits="1"/>
						<line number="33" hits="1"/>
						<line number="34" hits="1"/>
						<line number="35" hits="1"/>
						<line number="37" hits="1"/>
						<line number="38" hits="1"/>
						<line number="39" hits="1"/>
						<line number="40" hits="1"/>
						<line number="41" hits="1"/>
						<line number="42" hits="1"/>
						<line number="43" hits="1"/>
						<line number="44" hits="1"/>
						<line number="46" hits="1"/>
						<line number="47" hits="1"/>
						<line number="48" hits="1"/>
						<line number="49" hits="1"/>
						<line number="50" hits="1"/>
						<line number="51" hits="1"/>
						<line number="52" hits="1"/>
						<line number="53" hits="1"/>
						<line number="54" hits="1"/>
						<line number="55" hits="1"/>
						<line number="57" hits="1"/>
						<line number="58" hits="1"/>
						<line number="59" hits="1"/>
						<line number="60" hits="1"/>
						<line number="61" hits="1"/>
						<line number="62" hits="1"/>
						<line number="63" hits="1"/>
						<line number="64" hits="1"/>
						<line number="65" hits="1"/>
						<line number="67" hits="1"/>
						<line number="68" hits="1"/>
						<line number="69" hits="1"/>
						<line number="70" hits="1"/>
						<line number="71" hits="1"/>
					</lines>
				</class>
				<class name="test_supabase.py" filename="tests/shared/utils/test_supabase.py" complexity="0" line-rate="1" branch-rate="0">
					<methods/>
					<lines>
						<line number="1" hits="1"/>
						<line number="3" hits="1"/>
						<line number="5" hits="1"/>
						<line number="8" hits="1"/>
						<line number="9" hits="1"/>
						<line number="10" hits="1"/>
						<line number="11" hits="1"/>
						<line number="13" hits="1"/>
						<line number="14" hits="1"/>
						<line number="15" hits="1"/>
						<line number="16" hits="1"/>
						<line number="18" hits="1"/>
						<line number="19" hits="1"/>
						<line number="20" hits="1"/>
						<line number="21" hits="1"/>
						<line number="22" hits="1"/>
						<line number="23" hits="1"/>
						<line number="25" hits="1"/>
						<line number="26" hits="1"/>
						<line number="27" hits="1"/>
						<line number="28" hits="1"/>
						<line number="29" hits="1"/>
						<line number="30" hits="1"/>
						<line number="32" hits="1"/>
						<line number="33" hits="1"/>
						<line number="34" hits="1"/>
						<line number="35" hits="1"/>
						<line number="36" hits="1"/>
						<line number="38" hits="1"/>
						<line number="39" hits="1"/>
						<line number="40" hits="1"/>
						<line number="41" hits="1"/>
						<line number="42" hits="1"/>
						<line number="43" hits="1"/>
						<line number="44" hits="1"/>
						<line number="45" hits="1"/>
						<line number="46" hits="1"/>
						<line number="47" hits="1"/>
					</lines>
				</class>
			</classes>
		</package>
	</packages>
</coverage>
